Start testing: Jul 05 11:56 +03
----------------------------------------------------------
1/1 Testing: StorageEngineTest
1/1 Test: StorageEngineTest
Command: "/home/alraies/Projects/BoltKV/build/tests/storage_test"
Directory: /home/alraies/Projects/BoltKV/build/tests
"StorageEngineTest" start time: Jul 05 11:56 +03
Output:
----------------------------------------------------------
🧪 Running BoltKV Automated Unit Tests...
✅ Basic CRUD Tests Passed!
✅ Concurrent Thread-Safety Tests Passed!
🎉 All Tests Passed Successfully!
<end of output>
Test time =   0.00 sec
----------------------------------------------------------
Test Passed.
"StorageEngineTest" end time: Jul 05 11:56 +03
"StorageEngineTest" time elapsed: 00:00:00
----------------------------------------------------------

End testing: Jul 05 11:56 +03
